\BOOKMARK [1][-]{section.1}{\376\377\004\024\004\076\004\074\004\060\004\110\004\075\004\065\004\065\000\040\004\067\004\060\004\064\004\060\004\075\004\070\004\065\000\040\0001}{}% 1
\BOOKMARK [2][-]{subsection.1.1}{\376\377\004\027\004\060\004\064\004\060\004\107\004\060\000\040\0001}{section.1}% 2
\BOOKMARK [3][-]{subsubsection.1.1.1}{\376\377\000i}{subsection.1.1}% 3
\BOOKMARK [3][-]{subsubsection.1.1.2}{\376\377\000i\000i}{subsection.1.1}% 4
\BOOKMARK [2][-]{subsection.1.2}{\376\377\004\027\004\060\004\064\004\060\004\107\004\060\000\040\0002}{section.1}% 5
\BOOKMARK [2][-]{subsection.1.3}{\376\377\004\027\004\060\004\064\004\060\004\107\004\060\000\040\0003}{section.1}% 6
\BOOKMARK [2][-]{subsection.1.4}{\376\377\004\027\004\060\004\064\004\060\004\107\004\060\000\040\0004}{section.1}% 7
\BOOKMARK [3][-]{subsubsection.1.4.1}{\376\377\000i}{subsection.1.4}% 8
\BOOKMARK [3][-]{subsubsection.1.4.2}{\376\377\000i\000i}{subsection.1.4}% 9
\BOOKMARK [2][-]{subsection.1.5}{\376\377\004\027\004\060\004\064\004\060\004\107\004\060\000\040\0005}{section.1}% 10
\BOOKMARK [3][-]{subsubsection.1.5.1}{\376\377\000i}{subsection.1.5}% 11
\BOOKMARK [3][-]{subsubsection.1.5.2}{\376\377\000i\000i}{subsection.1.5}% 12
\BOOKMARK [3][-]{subsubsection.1.5.3}{\376\377\000i\000i\000i}{subsection.1.5}% 13
\BOOKMARK [3][-]{subsubsection.1.5.4}{\376\377\000i\000v}{subsection.1.5}% 14
\BOOKMARK [2][-]{subsection.1.6}{\376\377\004\027\004\060\004\064\004\060\004\107\004\060\000\040\0006}{section.1}% 15
\BOOKMARK [1][-]{section.2}{\376\377\004\024\004\076\004\074\004\060\004\110\004\075\004\065\004\065\000\040\004\067\004\060\004\064\004\060\004\075\004\070\004\065\000\040\0002}{}% 16
\BOOKMARK [2][-]{subsection.2.1}{\376\377\004\027\004\060\004\064\004\060\004\107\004\060\000\040\0001}{section.2}% 17
\BOOKMARK [2][-]{subsection.2.2}{\376\377\004\027\004\060\004\064\004\060\004\107\004\060\000\040\0002}{section.2}% 18
\BOOKMARK [3][-]{subsubsection.2.2.1}{\376\377\000i}{subsection.2.2}% 19
\BOOKMARK [3][-]{subsubsection.2.2.2}{\376\377\000i\000i}{subsection.2.2}% 20
\BOOKMARK [3][-]{subsubsection.2.2.3}{\376\377\000i\000i\000i}{subsection.2.2}% 21
\BOOKMARK [2][-]{subsection.2.3}{\376\377\004\027\004\060\004\064\004\060\004\107\004\060\000\040\0003}{section.2}% 22
\BOOKMARK [3][-]{subsubsection.2.3.1}{\376\377\000i}{subsection.2.3}% 23
\BOOKMARK [3][-]{subsubsection.2.3.2}{\376\377\000i\000i}{subsection.2.3}% 24
\BOOKMARK [2][-]{subsection.2.4}{\376\377\004\027\004\060\004\064\004\060\004\107\004\060\000\040\0004}{section.2}% 25
\BOOKMARK [3][-]{subsubsection.2.4.1}{\376\377\000i}{subsection.2.4}% 26
\BOOKMARK [3][-]{subsubsection.2.4.2}{\376\377\000i\000i}{subsection.2.4}% 27
\BOOKMARK [2][-]{subsection.2.5}{\376\377\004\027\004\060\004\064\004\060\004\107\004\060\000\040\0005}{section.2}% 28
\BOOKMARK [2][-]{subsection.2.6}{\376\377\004\027\004\060\004\064\004\060\004\107\004\060\000\040\0006}{section.2}% 29
\BOOKMARK [3][-]{subsubsection.2.6.1}{\376\377\000i}{subsection.2.6}% 30
\BOOKMARK [3][-]{subsubsection.2.6.2}{\376\377\000i\000i}{subsection.2.6}% 31
\BOOKMARK [3][-]{subsubsection.2.6.3}{\376\377\000i\000i\000i}{subsection.2.6}% 32
\BOOKMARK [1][-]{section.3}{\376\377\004\024\004\076\004\074\004\060\004\110\004\075\004\065\004\065\000\040\004\067\004\060\004\064\004\060\004\075\004\070\004\065\000\040\0003}{}% 33
\BOOKMARK [2][-]{subsection.3.1}{\376\377\004\035\004\076\004\074\004\065\004\100\000\040\0001}{section.3}% 34
\BOOKMARK [3][-]{subsubsection.3.1.1}{\376\377\000i}{subsection.3.1}% 35
\BOOKMARK [3][-]{subsubsection.3.1.2}{\376\377\000i\000i}{subsection.3.1}% 36
\BOOKMARK [2][-]{subsection.3.2}{\376\377\004\035\004\076\004\074\004\065\004\100\000\040\0002}{section.3}% 37
\BOOKMARK [2][-]{subsection.3.3}{\376\377\004\035\004\076\004\074\004\065\004\100\000\040\0003}{section.3}% 38
\BOOKMARK [2][-]{subsection.3.4}{\376\377\004\035\004\076\004\074\004\065\004\100\000\040\0004}{section.3}% 39
\BOOKMARK [1][-]{section.4}{\376\377\004\024\004\076\004\074\004\060\004\110\004\075\004\065\004\065\000\040\004\067\004\060\004\064\004\060\004\075\004\070\004\065\000\040\0004}{}% 40
\BOOKMARK [2][-]{subsection.4.1}{\376\377\004\027\004\060\004\064\004\060\004\107\004\060\000\040\0001}{section.4}% 41
\BOOKMARK [3][-]{subsubsection.4.1.1}{\376\377\000i}{subsection.4.1}% 42
\BOOKMARK [3][-]{subsubsection.4.1.2}{\376\377\000i\000i}{subsection.4.1}% 43
\BOOKMARK [3][-]{subsubsection.4.1.3}{\376\377\000i\000i\000i}{subsection.4.1}% 44
\BOOKMARK [2][-]{subsection.4.2}{\376\377\004\027\004\060\004\064\004\060\004\107\004\060\000\040\0002}{section.4}% 45
\BOOKMARK [3][-]{subsubsection.4.2.1}{\376\377\000i}{subsection.4.2}% 46
\BOOKMARK [3][-]{subsubsection.4.2.2}{\376\377\000i\000i}{subsection.4.2}% 47
\BOOKMARK [2][-]{subsection.4.3}{\376\377\004\027\004\060\004\064\004\060\004\107\004\060\000\040\0003}{section.4}% 48
\BOOKMARK [3][-]{subsubsection.4.3.1}{\376\377\000i}{subsection.4.3}% 49
\BOOKMARK [3][-]{subsubsection.4.3.2}{\376\377\000i\000i}{subsection.4.3}% 50
\BOOKMARK [2][-]{subsection.4.4}{\376\377\004\027\004\060\004\064\004\060\004\107\004\060\000\040\0004}{section.4}% 51
\BOOKMARK [3][-]{subsubsection.4.4.1}{\376\377\000i}{subsection.4.4}% 52
\BOOKMARK [3][-]{subsubsection.4.4.2}{\376\377\000i\000i}{subsection.4.4}% 53
\BOOKMARK [3][-]{subsubsection.4.4.3}{\376\377\000i\000i\000i}{subsection.4.4}% 54
\BOOKMARK [1][-]{section.5}{\376\377\004\024\004\076\004\074\004\060\004\110\004\075\004\065\004\065\000\040\004\067\004\060\004\064\004\060\004\075\004\070\004\065\000\040\0005}{}% 55
\BOOKMARK [2][-]{subsection.5.1}{\376\377\004\027\004\060\004\064\004\060\004\107\004\060\000\040\0001}{section.5}% 56
\BOOKMARK [2][-]{subsection.5.2}{\376\377\004\027\004\060\004\064\004\060\004\107\004\060\000\040\0002}{section.5}% 57
\BOOKMARK [3][-]{subsubsection.5.2.1}{\376\377\000i}{subsection.5.2}% 58
\BOOKMARK [3][-]{subsubsection.5.2.2}{\376\377\000i\000i}{subsection.5.2}% 59
\BOOKMARK [3][-]{subsubsection.5.2.3}{\376\377\000i\000i\000i}{subsection.5.2}% 60
\BOOKMARK [2][-]{subsection.5.3}{\376\377\004\027\004\060\004\064\004\060\004\107\004\060\000\040\0003}{section.5}% 61
\BOOKMARK [2][-]{subsection.5.4}{\376\377\004\027\004\060\004\064\004\060\004\107\004\060\000\040\0004}{section.5}% 62
\BOOKMARK [2][-]{subsection.5.5}{\376\377\004\027\004\060\004\064\004\060\004\107\004\060\000\040\0005}{section.5}% 63
\BOOKMARK [2][-]{subsection.5.6}{\376\377\004\027\004\060\004\064\004\060\004\107\004\060\000\040\0006}{section.5}% 64
\BOOKMARK [1][-]{section.6}{\376\377\004\024\004\076\004\074\004\060\004\110\004\075\004\065\004\065\000\040\004\067\004\060\004\064\004\060\004\075\004\070\004\065\000\040\0006}{}% 65
\BOOKMARK [2][-]{subsection.6.1}{\376\377\004\027\004\060\004\064\004\060\004\107\004\060\000\040\0001}{section.6}% 66
\BOOKMARK [2][-]{subsection.6.2}{\376\377\000i}{section.6}% 67
\BOOKMARK [3][-]{subsubsection.6.2.1}{\376\377\000i\000i}{subsection.6.2}% 68
\BOOKMARK [2][-]{subsection.6.3}{\376\377\004\027\004\060\004\064\004\060\004\107\004\060\000\040\0002}{section.6}% 69
\BOOKMARK [3][-]{subsubsection.6.3.1}{\376\377\000i}{subsection.6.3}% 70
\BOOKMARK [2][-]{subsection.6.4}{\376\377\000i\000i}{section.6}% 71
\BOOKMARK [3][-]{subsubsection.6.4.1}{\376\377\000i\000i\000i}{subsection.6.4}% 72
\BOOKMARK [2][-]{subsection.6.5}{\376\377\004\027\004\060\004\064\004\060\004\107\004\060\000\040\0003}{section.6}% 73
\BOOKMARK [3][-]{subsubsection.6.5.1}{\376\377\000i}{subsection.6.5}% 74
\BOOKMARK [3][-]{subsubsection.6.5.2}{\376\377\000i\000i}{subsection.6.5}% 75
\BOOKMARK [3][-]{subsubsection.6.5.3}{\376\377\000i\000i\000i}{subsection.6.5}% 76
\BOOKMARK [2][-]{subsection.6.6}{\376\377\004\027\004\060\004\064\004\060\004\107\004\060\000\040\0004}{section.6}% 77
\BOOKMARK [1][-]{section.7}{\376\377\004\024\004\076\004\074\004\060\004\110\004\075\004\065\004\065\000\040\004\067\004\060\004\064\004\060\004\075\004\070\004\065\000\040\0007}{}% 78
\BOOKMARK [2][-]{subsection.7.1}{\376\377\004\027\004\060\004\064\004\060\004\107\004\060\000\040\0001}{section.7}% 79
\BOOKMARK [2][-]{subsection.7.2}{\376\377\004\027\004\060\004\064\004\060\004\107\004\060\000\040\0002}{section.7}% 80
\BOOKMARK [3][-]{subsubsection.7.2.1}{\376\377\000i}{subsection.7.2}% 81
\BOOKMARK [3][-]{subsubsection.7.2.2}{\376\377\000i\000i}{subsection.7.2}% 82
\BOOKMARK [3][-]{subsubsection.7.2.3}{\376\377\000i\000i\000i}{subsection.7.2}% 83
\BOOKMARK [2][-]{subsection.7.3}{\376\377\004\027\004\060\004\064\004\060\004\107\004\060\000\040\0003}{section.7}% 84
\BOOKMARK [3][-]{subsubsection.7.3.1}{\376\377\000i}{subsection.7.3}% 85
\BOOKMARK [3][-]{subsubsection.7.3.2}{\376\377\000i\000i}{subsection.7.3}% 86
\BOOKMARK [3][-]{subsubsection.7.3.3}{\376\377\000i\000i\000i}{subsection.7.3}% 87
\BOOKMARK [2][-]{subsection.7.4}{\376\377\004\027\004\060\004\064\004\060\004\107\004\060\000\040\0004}{section.7}% 88
\BOOKMARK [3][-]{subsubsection.7.4.1}{\376\377\000i}{subsection.7.4}% 89
\BOOKMARK [3][-]{subsubsection.7.4.2}{\376\377\000i\000i}{subsection.7.4}% 90
\BOOKMARK [2][-]{subsection.7.5}{\376\377\004\027\004\060\004\064\004\060\004\107\004\060\000\040\0005}{section.7}% 91
\BOOKMARK [2][-]{subsection.7.6}{\376\377\004\027\004\060\004\064\004\060\004\107\004\060\000\040\0006}{section.7}% 92
\BOOKMARK [3][-]{subsubsection.7.6.1}{\376\377\000i}{subsection.7.6}% 93
\BOOKMARK [3][-]{subsubsection.7.6.2}{\376\377\000i\000i}{subsection.7.6}% 94
\BOOKMARK [1][-]{section.8}{\376\377\004\024\004\076\004\074\004\060\004\110\004\075\004\065\004\065\000\040\004\067\004\060\004\064\004\060\004\075\004\070\004\065\000\040\0008}{}% 95
\BOOKMARK [2][-]{subsection.8.1}{\376\377\004\027\004\060\004\064\004\060\004\107\004\060\000\040\0001}{section.8}% 96
\BOOKMARK [2][-]{subsection.8.2}{\376\377\004\027\004\060\004\064\004\060\004\107\004\060\000\040\0002}{section.8}% 97
\BOOKMARK [3][-]{subsubsection.8.2.1}{\376\377\000i}{subsection.8.2}% 98
\BOOKMARK [3][-]{subsubsection.8.2.2}{\376\377\000i\000i}{subsection.8.2}% 99
\BOOKMARK [2][-]{subsection.8.3}{\376\377\004\027\004\060\004\064\004\060\004\107\004\060\000\040\0003}{section.8}% 100
\BOOKMARK [2][-]{subsection.8.4}{\376\377\004\027\004\060\004\064\004\060\004\107\004\060\000\040\0004}{section.8}% 101
\BOOKMARK [2][-]{subsection.8.5}{\376\377\004\027\004\060\004\064\004\060\004\107\004\060\000\040\0005}{section.8}% 102
\BOOKMARK [2][-]{subsection.8.6}{\376\377\004\027\004\060\004\064\004\060\004\107\004\060\000\040\0006}{section.8}% 103
\BOOKMARK [1][-]{section.9}{\376\377\004\024\004\076\004\074\004\060\004\110\004\075\004\065\004\065\000\040\004\067\004\060\004\064\004\060\004\075\004\070\004\065\000\040\0009}{}% 104
\BOOKMARK [2][-]{subsection.9.1}{\376\377\004\027\004\060\004\064\004\060\004\107\004\060\000\040\0001}{section.9}% 105
\BOOKMARK [3][-]{subsubsection.9.1.1}{\376\377\000i}{subsection.9.1}% 106
\BOOKMARK [3][-]{subsubsection.9.1.2}{\376\377\000i\000i}{subsection.9.1}% 107
\BOOKMARK [2][-]{subsection.9.2}{\376\377\004\027\004\060\004\064\004\060\004\107\004\060\000\040\0002}{section.9}% 108
\BOOKMARK [3][-]{subsubsection.9.2.1}{\376\377\000i}{subsection.9.2}% 109
\BOOKMARK [3][-]{subsubsection.9.2.2}{\376\377\000i\000i}{subsection.9.2}% 110
\BOOKMARK [3][-]{subsubsection.9.2.3}{\376\377\000i\000i\000i}{subsection.9.2}% 111
\BOOKMARK [3][-]{subsubsection.9.2.4}{\376\377\000i\000v}{subsection.9.2}% 112
\BOOKMARK [2][-]{subsection.9.3}{\376\377\004\027\004\060\004\064\004\060\004\107\004\060\000\040\0003}{section.9}% 113
\BOOKMARK [2][-]{subsection.9.4}{\376\377\004\027\004\060\004\064\004\060\004\107\004\060\000\040\0004}{section.9}% 114
\BOOKMARK [2][-]{subsection.9.5}{\376\377\004\027\004\060\004\064\004\060\004\107\004\060\000\040\0005}{section.9}% 115
\BOOKMARK [2][-]{subsection.9.6}{\376\377\004\027\004\060\004\064\004\060\004\107\004\060\000\040\0006}{section.9}% 116
